Arguments: 
  /Users/giorgiograssini/.nvm/versions/node/v10.15.3/bin/node /usr/local/Cellar/yarn/1.16.0/libexec/bin/yarn.js

PATH: 
  /Users/giorgiograssini/.nvm/versions/node/v10.15.3/bin:/usr/local/bin:/usr/bin:/bin:/usr/sbin:/sbin:/Library/Apple/usr/bin:/Library/Apple/bin:/usr/local/MacGPG2/bin:/Users/giorgiograssini/.nvm/versions/node/v10.15.3/bin

Yarn version: 
  1.16.0

Node version: 
  10.15.3

Platform: 
  darwin x64

Trace: 
  SyntaxError: /Users/giorgiograssini/coding/sandBox/hotel-finder/server/package.json: Unexpected token } in JSON at position 469
      at JSON.parse (<anonymous>)
      at /usr/local/Cellar/yarn/1.16.0/libexec/lib/cli.js:1625:59
      at Generator.next (<anonymous>)
      at step (/usr/local/Cellar/yarn/1.16.0/libexec/lib/cli.js:304:30)
      at /usr/local/Cellar/yarn/1.16.0/libexec/lib/cli.js:315:13

npm manifest: 
  {
    "name": "hotel-finder",
    "version": "1.0.0",
    "main": "index.js",
    "repository": {
      "type": "git",
      "url": "git+https://github.com/Girgetto/hotel-finder.git"
    },
    "author": "Girgetto <giorgiograssini@gmail.com>",
    "license": "MIT",
    "bugs": {
      "url": "https://github.com/Girgetto/hotel-finder/issues"
    },
    "homepage": "https://github.com/Girgetto/hotel-finder#readme",
    "scripts": {
      "start": "node ./app.js",
      "dev": "nodemon ./app.js",
    },
    "dependencies": {
      "bcrypt": "^3.0.6",
      "body-parser": "^1.19.0",
      "connect-flash": "^0.1.1",
      "connect-mongo": "^2.0.3",
      "cookie-parser": "^1.4.4",
      "cors": "^2.8.5",
      "debug": "^4.1.1",
      "dotenv": "^8.1.0",
      "eslint": "^6.2.0",
      "eslint-config-airbnb-base": "^14.0.0",
      "eslint-plugin-import": "^2.18.2",
      "express": "^4.17.1",
      "mongoose": "^5.5.12",
      "morgan": "^1.9.1",
      "nodemon": "^1.19.1"
    },
    "keywords": [],
    "description": ""
  }

yarn manifest: 
  No manifest

Lockfile: 
  No lockfile
